/ebooks/ebooks2/pda/2011-12-01/1/14664.9789004170155	1
/ebooks/ebooks2/pda/2011-12-01/1/10594.0125249756	1
/ebooks/ebooks2/pda/2011-12-01/1/12513.9780120885732	1
/ebooks/ebooks2/pda/2011-12-01/1/11865.9780262162098	1
/ebooks/ebooks2/pda/2011-12-01/1/14501.9780240811598	1
/ebooks/ebooks2/pda/2011-12-01/1/13557.9780470277973	1
/ebooks/ebooks2/pda/2011-12-01/1/11855.9780470241028	1
/ebooks/ebooks2/pda/2011-12-01/1/10651.9780120415625	1
/ebooks/ebooks2/pda/2011-12-01/1/11126.9780262072878	1
/ebooks/ebooks2/pda/2011-12-01/1/11980.9781848130470	1
/ebooks/ebooks2/pda/2011-12-01/1/13556.9780470195437	1
/ebooks/ebooks2/pda/2011-12-01/1/10618.9780750651318	1
/ebooks/ebooks2/pda/2011-12-01/1/9292.0471656887	1
/ebooks/ebooks2/pda/2011-12-01/1/12359.9780567080899	1
/ebooks/ebooks2/pda/2011-12-01/1/11764.9780761972235	1
/ebooks/ebooks2/pda/2011-12-01/1/13561.9780787959913	1
/ebooks/ebooks2/pda/2011-12-01/1/12630.9780470395981	1
/ebooks/ebooks2/pda/2011-12-01/1/13556.9780470175644	1
/ebooks/ebooks2/pda/2011-12-01/1/13555.9780470061664	1
/ebooks/ebooks2/pda/2011-12-01/1/13562.9781444308068	1
/ebooks/ebooks2/pda/2011-12-01/1/12288.0071608915	1
/ebooks/ebooks2/pda/2011-12-01/1/11354.9780123694119	1
/ebooks/ebooks2/pda/2011-12-01/1/14265.9780470554128	1
/ebooks/ebooks2/pda/2011-12-01/1/10428.0121726517	1
/ebooks/ebooks2/pda/2011-12-01/1/10125.9781405112185	1
/ebooks/ebooks2/pda/2011-12-01/1/12228.9781405143448	1
/ebooks/ebooks2/pda/2011-12-01/1/13826.9781400827596	1
/ebooks/ebooks2/pda/2011-12-01/1/13557.9780470374436	1
/ebooks/ebooks2/pda/2011-12-01/1/11980.9781848130715	1
/ebooks/ebooks2/pda/2011-12-01/1/12995.9780787995638	1
/ebooks/ebooks2/pda/2011-12-01/1/12602.0071641483	1
/ebooks/ebooks2/pda/2011-12-01/1/5488.0262611503	2
/ebooks/ebooks2/pda/2011-12-01/1/13567.9780471651154	1
/ebooks/ebooks2/pda/2011-12-01/1/14745.0071713700	1
/ebooks/ebooks2/pda/2011-12-01/1/15282.9780226044521	1
/ebooks/ebooks2/pda/2011-12-01/1/13563.9783527614967	1
/ebooks/ebooks2/pda/2011-12-01/1/12995.9780470140444	1
/ebooks/ebooks2/pda/2011-12-01/1/14514.9780226437057	1
/ebooks/ebooks2/pda/2011-12-01/1/10732.9780765614681	1
/ebooks/ebooks2/pda/2011-12-01/1/15262.0071609105	1
/ebooks/ebooks2/pda/2011-12-01/1/12439.9781845934590	1
/ebooks/ebooks2/pda/2011-12-01/1/13572.9781444311730	1
/ebooks/ebooks2/pda/2011-12-01/1/8309.0071435875	1
/ebooks/ebooks2/pda/2011-12-01/1/8195.0851994636	1
/ebooks/ebooks2/pda/2011-12-01/1/9781.0071486747	1
/ebooks/ebooks2/pda/2011-12-01/1/11539.0071594477	1
/ebooks/ebooks2/pda/2011-12-01/1/13564.9781444308952	1
/ebooks/ebooks2/pda/2011-12-01/1/12975.9780230594180	1
/ebooks/ebooks2/pda/2011-12-01/1/13562.9781444305876	1
/ebooks/ebooks2/pda/2011-12-01/1/9941.0750667540	1
/ebooks/ebooks2/pda/2011-12-01/1/11967.9780444515582	1
/ebooks/ebooks2/pda/2011-12-01/1/8698.0761948899	1
/ebooks/ebooks2/pda/2011-12-01/1/10588.0120885085	1
/ebooks/ebooks2/pda/2011-12-01/1/10996.9781845932794	1
/ebooks/ebooks2/pda/2011-12-01/1/14549.9781856176910	1
/ebooks/ebooks2/pda/2011-12-01/1/13898.9780230584006	1
/ebooks/ebooks2/pda/2011-12-01/1/10786.9780080447193	1
/ebooks/ebooks2/pda/2011-12-01/1/12995.9780787996017	1
/ebooks/ebooks2/pda/2011-12-01/1/13034.9780816656905	1
/ebooks/ebooks2/pda/2011-12-01/1/12174.0071590390	2
/ebooks/ebooks2/pda/2011-12-01/1/11905.9780262026420	1
/ebooks/ebooks2/pda/2011-12-01/1/13830.007162404X	1
/ebooks/ebooks2/pda/2011-12-01/1/12207.9780470998939	1
/ebooks/ebooks2/pda/2011-12-01/1/12995.9780470147986	1
/ebooks/ebooks2/pda/2011-12-01/1/11980.9781848131101	1
/ebooks/ebooks2/pda/2011-12-01/1/13561.9780471980599	1
/ebooks/ebooks2/pda/2011-12-01/1/13568.9780471748816	1
/ebooks/ebooks2/pda/2011-12-01/1/15161.9780470579664	1
/ebooks/ebooks2/pda/2011-12-01/1/11379.9780631226536	1
/ebooks/ebooks2/pda/2011-12-01/1/8243.0520241290	1
/ebooks/ebooks2/pda/2011-12-01/1/14501.9780444534668	1
/ebooks/ebooks2/pda/2011-12-01/1/13556.9780470222607	1
/ebooks/ebooks2/pda/2011-12-01/1/13564.9780470157121	1
/ebooks/ebooks2/pda/2011-12-01/1/13568.9780471744139	1
/ebooks/ebooks2/pda/2011-12-01/1/12410.9780470396292	1
/ebooks/ebooks2/pda/2011-12-01/1/11865.9780262140775	1
/ebooks/ebooks2/pda/2011-12-01/1/12016.9780470753026	1
/ebooks/ebooks2/pda/2011-12-01/1/11909.9780470226766	1
/ebooks/ebooks2/pda/2011-12-01/1/15287.9780470583401	1
/ebooks/ebooks2/pda/2011-12-01/1/13562.9781444301434	1
/ebooks/ebooks2/pda/2011-12-01/1/13634.9781444310566	1
/ebooks/ebooks2/pda/2011-12-01/1/12016.9780470751619	1
/ebooks/ebooks2/pda/2011-12-01/1/11865.9780262134217	1
/ebooks/ebooks2/pda/2011-12-01/1/13562.9783527604319	1
/ebooks/ebooks2/pda/2011-12-01/1/12619.9780230554429	1
/ebooks/ebooks2/pda/2011-12-01/1/13555.9780470032091	1
/ebooks/ebooks2/pda/2011-12-01/1/9934.9780816648030	1
/ebooks/ebooks2/pda/2011-12-01/1/13559.9780470849392	1
/ebooks/ebooks2/pda/2011-12-01/1/13555.9780470080481	1
/ebooks/ebooks2/pda/2011-12-01/1/14645.0071702032	1
/ebooks/ebooks2/pda/2011-12-01/1/12921.9780764597008	1
/ebooks/ebooks2/pda/2011-12-01/1/13569.9780787988203	1
/ebooks/ebooks2/pda/2011-12-01/1/8243.0520243811	1
/ebooks/ebooks2/pda/2011-12-01/1/10985.9780123735836	1
/ebooks/ebooks2/pda/2011-12-01/1/6475.0071387013	1
/ebooks/ebooks2/pda/2011-12-01/1/11628.9781593856946	1
/ebooks/ebooks2/pda/2011-12-01/1/12688.9780226071657	1
/ebooks/ebooks2/pda/2011-12-01/1/13573.9780470742716	1
/ebooks/ebooks2/pda/2011-12-01/1/8660.0520245229	1
/ebooks/ebooks2/pda/2011-12-01/1/13570.9783527611058	1
/ebooks/ebooks2/pda/2011-12-01/1/14068.9781845932633	1
/ebooks/ebooks2/pda/2011-12-01/1/15287.9780470638170	1
/ebooks/ebooks2/pda/2011-12-01/1/9735.0071483446	1
/ebooks/ebooks2/pda/2011-12-01/1/13355.9780123745408	1
/ebooks/ebooks2/pda/2011-12-01/1/14908.9781444317428	1
/ebooks/ebooks2/pda/2011-12-01/1/10232.9781845931124	1
/ebooks/ebooks2/pda/2011-12-01/1/14562.9780470751688	1
/ebooks/ebooks2/pda/2011-12-01/1/13826.9781400825998	1
/ebooks/ebooks2/pda/2011-12-01/1/10689.9780750660976	1
/ebooks/ebooks2/pda/2011-12-01/1/12639.9780230593404	1
/ebooks/ebooks2/pda/2011-12-01/1/12475.9781606232217	1
/ebooks/ebooks2/pda/2011-12-01/1/12016.9780470066430	1
/ebooks/ebooks2/pda/2011-12-01/1/11069.9780240807799	1
/ebooks/ebooks2/pda/2011-12-01/1/11825.9780754690856	1
/ebooks/ebooks2/pda/2011-12-01/1/15041.9780470612873	1
/ebooks/ebooks2/pda/2011-12-01/1/13566.9780470068243	1
/ebooks/ebooks2/pda/2011-12-01/1/14691.9781444322576	1
/ebooks/ebooks2/pda/2011-12-01/1/7995.1591404614-1	1
/ebooks/ebooks2/pda/2011-12-01/1/11190.9781405127653	1
/ebooks/ebooks2/pda/2011-12-01/1/10456.0123875846	1
/ebooks/ebooks2/pda/2011-12-01/1/11824.0826477933	1
/ebooks/ebooks2/pda/2011-12-01/1/10123.063122601X	1
/ebooks/ebooks2/pda/2011-12-01/1/12724.9780761940326	1
/ebooks/ebooks2/pda/2011-12-01/1/13562.9781405152112	1
/ebooks/ebooks2/pda/2011-12-01/1/13569.9780787979249	1
/ebooks/ebooks2/pda/2011-12-01/1/12668.9780470370247	1
/ebooks/ebooks2/pda/2011-12-01/1/15212.9780230239555	1
/ebooks/ebooks2/pda/2011-12-01/1/10613.9780262511919	1
/ebooks/ebooks2/pda/2011-12-01/1/12207.9780470999097	1
/ebooks/ebooks2/pda/2011-12-01/1/15287.9781444320633	1
/ebooks/ebooks2/pda/2011-12-01/1/13894.9780470746509	1
/ebooks/ebooks2/pda/2011-12-01/1/13558.9780470510841	1
/ebooks/ebooks2/pda/2011-12-01/1/12859.080786126X	1
/ebooks/ebooks2/pda/2011-12-01/1/12137.9780470777299	1
/ebooks/ebooks2/pda/2011-12-01/1/13564.9781444305326	1
/ebooks/ebooks2/pda/2011-12-01/1/11504.9780754683469	1
/ebooks/ebooks2/pda/2011-12-01/1/12688.9780226038995	1
/ebooks/ebooks2/pda/2011-12-01/1/10428.0120656043	1
/ebooks/ebooks2/pda/2011-12-01/1/13558.9780470512869	1
/ebooks/ebooks2/pda/2011-12-01/1/7479.0071409130	1
/ebooks/ebooks2/pda/2011-12-01/1/9810.075065693X	2
/ebooks/ebooks2/pda/2011-12-01/1/12231.0071590358	2
/ebooks/ebooks2/pda/2011-12-01/1/9738.1403981469	1
/ebooks/ebooks2/pda/2011-12-01/1/14507.0071627014	1
/ebooks/ebooks2/pda/2011-12-01/1/15327.9780080475462	1
/ebooks/ebooks2/pda/2011-12-01/1/14898.9781400825271	1
/ebooks/ebooks2/pda/2011-12-01/1/10749.9780122541056	1
/ebooks/ebooks2/pda/2011-12-01/1/13894.9780470483015	1
/ebooks/ebooks2/pda/2011-12-01/1/10456.0750663200	1
/ebooks/ebooks2/pda/2011-12-01/1/12016.9780470691281	1
/ebooks/ebooks2/pda/2011-12-01/1/15000.9780470393574	1
/ebooks/ebooks2/pda/2011-12-01/1/10236.0240520203	1
/ebooks/ebooks2/pda/2011-12-01/1/8523.0520243064	1
/ebooks/ebooks2/pda/2011-12-01/1/14565.9780470409909	1
/ebooks/ebooks2/pda/2011-12-01/1/13567.9780471474135	1
/ebooks/ebooks2/pda/2011-12-01/1/12619.9780230511347	1
/ebooks/ebooks2/pda/2011-12-01/1/14380.9780470684375	1
/ebooks/ebooks2/pda/2011-12-01/1/13565.9780470055458	1
/ebooks/ebooks2/pda/2011-12-01/1/12016.9780470756447	1
/ebooks/ebooks2/pda/2011-12-01/1/7877.0520230582	1
/ebooks/ebooks2/pda/2011-12-01/1/12445.9781412907620	2
/ebooks/ebooks2/pda/2011-12-01/1/10066.0750680377	1
/ebooks/ebooks2/pda/2011-12-01/1/12619.9780230523203	1
/ebooks/ebooks2/pda/2011-12-01/1/14596.9780470682890	1
/ebooks/ebooks2/pda/2011-12-01/1/11117.0816641897	1
/ebooks/ebooks2/pda/2011-12-01/1/13574.9780470730430	1
/ebooks/ebooks2/pda/2011-12-01/1/12995.9781444300482	1
/ebooks/ebooks2/pda/2011-12-01/1/12995.9780470192566	1
/ebooks/ebooks2/pda/2011-12-01/1/13634.9780470478189	1
/ebooks/ebooks2/pda/2011-12-01/1/11379.9781405111812	1
/ebooks/ebooks2/pda/2011-12-01/1/12094.007159597X	1
/ebooks/ebooks2/pda/2011-12-01/1/14674.9780470556993	1
/ebooks/ebooks2/pda/2011-12-01/1/13566.9780470189641	1
/ebooks/ebooks2/pda/2011-12-01/1/10232.9781845930486	1
/ebooks/ebooks2/pda/2011-12-01/1/8698.0803975562	1
/ebooks/ebooks2/pda/2011-12-01/1/12995.9781444302769	1
/ebooks/ebooks2/pda/2011-12-01/1/13560.9780471461418	1
/ebooks/ebooks2/pda/2011-12-01/1/13567.9780471481416	1
/ebooks/ebooks2/pda/2011-12-01/1/9292.0764597019	1
/ebooks/ebooks2/pda/2011-12-01/1/10651.9781558608023	2
/ebooks/ebooks2/pda/2011-12-01/1/15000.9780470686430	1
/ebooks/ebooks2/pda/2011-12-01/1/14785.0071702857	1
/ebooks/ebooks2/pda/2011-12-01/1/12408.9780230508286	1
/ebooks/ebooks2/pda/2011-12-01/1/8088.0071442952	1
/ebooks/ebooks2/pda/2011-12-01/1/14750.9781444317183	2
/ebooks/ebooks2/pda/2011-12-01/1/11504.9780754685661	1
/ebooks/ebooks2/pda/2011-12-01/1/12785.9780472021413	1
/ebooks/ebooks2/pda/2011-12-01/1/11661.9780816646128	1
/ebooks/ebooks2/pda/2011-12-01/1/11936.9780262041997	1
/ebooks/ebooks2/pda/2011-12-01/1/15327.9780080471501	1
/ebooks/ebooks2/pda/2011-12-01/1/9414.0-387-21848-3_Book_1	1
/ebooks/ebooks2/pda/2011-12-01/1/10999.159385661X	1
/ebooks/ebooks2/pda/2011-12-01/1/13557.9780470378298	1
/ebooks/ebooks2/pda/2011-12-01/1/14781.9781444315127	1
/ebooks/ebooks2/pda/2011-12-01/1/14674.9780470605431	1
/ebooks/ebooks2/pda/2011-12-01/1/14221.9781606233061	1
/ebooks/ebooks2/pda/2011-12-01/1/8698.0761961534	1
/ebooks/ebooks2/pda/2011-12-01/1/10613.9780262083447	1
/ebooks/ebooks2/pda/2011-12-01/1/10930.9780262201681	1
/ebooks/ebooks2/pda/2011-12-01/1/13898.9780230228764	1
/ebooks/ebooks2/pda/2011-12-01/1/10693.9781593856212	1
/ebooks/ebooks2/pda/2011-12-01/1/10588.9780127625331	1
/ebooks/ebooks2/pda/2011-12-01/1/11379.9781405119412	1
/ebooks/ebooks2/pda/2011-12-01/1/10066.0750681543	2
/ebooks/ebooks2/pda/2011-12-01/1/12921.9780471680192	1
/ebooks/ebooks2/pda/2011-12-01/1/15284.9780472025459	1
/ebooks/ebooks2/pda/2011-12-01/1/15249.9780226520759	1
/ebooks/ebooks2/pda/2011-12-01/1/11379.9781405106757	2
/ebooks/ebooks2/pda/2011-12-01/1/10261.9781405132534	1
/ebooks/ebooks2/pda/2011-12-01/1/12365.9781405157292	1
/ebooks/ebooks2/pda/2011-12-01/1/13566.9780470863541	1
/ebooks/ebooks2/pda/2011-12-01/1/6850.0072224207	1
/ebooks/ebooks2/pda/2011-12-01/1/13559.9780470856512	1
/ebooks/ebooks2/pda/2011-12-01/1/14017.9780226993386	1
/ebooks/ebooks2/pda/2011-12-01/1/6234.0387989579	1
/ebooks/ebooks2/pda/2011-12-01/1/14683.9781597494823	1
/ebooks/ebooks2/pda/2011-12-01/1/12016.9780470691175	1
/ebooks/ebooks2/pda/2011-12-01/1/13565.9780470058893	1
/ebooks/ebooks2/pda/2011-12-01/1/13562.9780787971793	1
/ebooks/ebooks2/pda/2011-12-01/1/14076.9781444313697	1
/ebooks/ebooks2/pda/2011-12-01/1/12016.9780470755204	1
/ebooks/ebooks2/pda/2011-12-01/1/15000.9780470610374	1
/ebooks/ebooks2/pda/2011-12-01/1/12630.9780470395967	1
/ebooks/ebooks2/pda/2011-12-01/1/13233.0071591451	1
/ebooks/ebooks2/pda/2011-12-01/1/15087.9780470579633	1
/ebooks/ebooks2/pda/2011-12-01/1/13565.9780470031681	1
/ebooks/ebooks2/pda/2011-12-01/1/11824.0826479022	1
/ebooks/ebooks2/pda/2011-12-01/1/15287.9780470585993	1
/ebooks/ebooks2/pda/2011-12-01/1/10549.1593855281	1
/ebooks/ebooks2/pda/2011-12-01/1/10123.0631228993	1
/ebooks/ebooks2/pda/2011-12-01/1/13573.9780470451687	1
/ebooks/ebooks2/pda/2011-12-01/1/13559.9780470997246	1
/ebooks/ebooks2/pda/2011-12-01/1/13138.9780123742148	1
/ebooks/ebooks2/pda/2011-12-01/1/11149.9781558605886	1
/ebooks/ebooks2/pda/2011-12-01/1/10618.9780124192393	1
/ebooks/ebooks2/pda/2011-12-01/1/13387.9780226062648	2
/ebooks/ebooks2/pda/2011-12-01/1/13560.9780471461135	1
/ebooks/ebooks2/pda/2011-12-01/1/9810.0750667257	1
/ebooks/ebooks2/pda/2011-12-01/1/7773.0520239091	1
/ebooks/ebooks2/pda/2011-12-01/1/14908.9783527628933	1
/ebooks/ebooks2/pda/2011-12-01/1/8120.0520221869	1
/ebooks/ebooks2/pda/2011-12-01/1/12445.9780761948797	1
/ebooks/ebooks2/pda/2011-12-01/1/7977.0851995977	1
/ebooks/ebooks2/pda/2011-12-01/1/15157.9780226713465	1
/ebooks/ebooks2/pda/2011-12-01/1/11379.9781405118675	1
/ebooks/ebooks2/pda/2011-12-01/1/13560.9780471447221	1
/ebooks/ebooks2/pda/2011-12-01/1/10613.9780262201636	1
/ebooks/ebooks2/pda/2011-12-01/1/13556.9780470129944	1
/ebooks/ebooks2/pda/2011-12-01/1/13556.9780470130438	1
/ebooks/ebooks2/pda/2011-12-01/1/14781.9780470552636	1
/ebooks/ebooks2/pda/2011-12-01/1/13567.9780471463894	1
/ebooks/ebooks2/pda/2011-12-01/1/14861.9780470615713	1
/ebooks/ebooks2/pda/2011-12-01/1/7103.0071406077	2
/ebooks/ebooks2/pda/2011-12-01/1/15331.9781444318906	1
/ebooks/ebooks2/pda/2011-12-01/1/15041.9780470590249	1
/ebooks/ebooks2/pda/2011-12-01/1/13559.9780470712085	1
/ebooks/ebooks2/pda/2011-12-01/1/10236.0125980620	1
/ebooks/ebooks2/pda/2011-12-01/1/7936.0520236203	1
/ebooks/ebooks2/pda/2011-12-01/1/13567.9780470870358	1
/ebooks/ebooks2/pda/2011-12-01/1/11870.9780470259801	1
/ebooks/ebooks2/pda/2011-12-01/1/12399.9780567027719	1
/ebooks/ebooks2/pda/2011-12-01/1/13559.9780470865903	1
/ebooks/ebooks2/pda/2011-12-01/1/10674.0071501207	1
/ebooks/ebooks2/pda/2011-12-01/1/14603.9781412945158	1
/ebooks/ebooks2/pda/2011-12-01/1/15287.9780470585153	1
/ebooks/ebooks2/pda/2011-12-01/1/13573.9780470501221	1
/ebooks/ebooks2/pda/2011-12-01/1/15331.9780470609149	1
/ebooks/ebooks2/pda/2011-12-01/1/13563.9783527618552	1
/ebooks/ebooks2/pda/2011-12-01/1/13567.9780471728771	1
/ebooks/ebooks2/pda/2011-12-01/1/13560.9780471265405	1
/ebooks/ebooks2/pda/2011-12-01/1/7658.0520235274	1
/ebooks/ebooks2/pda/2011-12-01/1/12752.9781606232255	1
/ebooks/ebooks2/pda/2011-12-01/1/5372.0333660218	1
/ebooks/ebooks2/pda/2011-12-01/1/10618.9780750651110	1
/ebooks/ebooks2/pda/2011-12-01/1/10125.9780631232001	1
/ebooks/ebooks2/pda/2011-12-01/1/13563.9783527616985	1
/ebooks/ebooks2/pda/2011-12-01/1/11149.9780123740373	1
/ebooks/ebooks2/pda/2011-12-01/1/11379.1405132589	1
/ebooks/ebooks2/pda/2011-12-01/1/13557.9780470373439	1
/ebooks/ebooks2/pda/2011-12-01/1/14507.0071701974	1
/ebooks/ebooks2/pda/2011-12-01/1/8698.0761974040	1
/ebooks/ebooks2/pda/2011-12-01/1/13558.9780470695913	1
/ebooks/ebooks2/pda/2011-12-01/1/10915.9780123736239	1
/ebooks/ebooks2/pda/2011-12-01/1/8364.0851999816	1
/ebooks/ebooks2/pda/2011-12-01/1/11936.9780262550420	1
/ebooks/ebooks2/pda/2011-12-01/1/13568.9780471757634	1
/ebooks/ebooks2/pda/2011-12-01/1/13788.0071611444	1
/ebooks/ebooks2/pda/2011-12-01/1/13562.9780813803876	1
/ebooks/ebooks2/pda/2011-12-01/1/7982.0071442766	1
/ebooks/ebooks2/pda/2011-12-01/1/12291.9780750652407	1
/ebooks/ebooks2/pda/2011-12-01/1/15241.9781444320145	1
/ebooks/ebooks2/pda/2011-12-01/1/12619.9780230608924	1
/ebooks/ebooks2/pda/2011-12-01/1/14149.0071600248	1
/ebooks/ebooks2/pda/2011-12-01/1/10734.9780124019553	1
/ebooks/ebooks2/pda/2011-12-01/1/12762.9781856175500	2
/ebooks/ebooks2/pda/2011-12-01/1/13560.9780471273974	1
/ebooks/ebooks2/pda/2011-12-01/1/10001.0471997919	2
/ebooks/ebooks2/pda/2011-12-01/1/8968.1403973334	1
/ebooks/ebooks2/pda/2011-12-01/1/14348.9780226586656	1
/ebooks/ebooks2/pda/2011-12-01/1/13556.9780470178713	1
/ebooks/ebooks2/pda/2011-12-01/1/11865.9780262232319	1
/ebooks/ebooks2/pda/2011-12-01/1/13830.0071604065	1
/ebooks/ebooks2/pda/2011-12-01/1/9800.0071483373	1
/ebooks/ebooks2/pda/2011-12-01/1/14371.9781400829101	1
/ebooks/ebooks2/pda/2011-12-01/1/12688.9780226772448	1
/ebooks/ebooks2/pda/2011-12-01/1/12228.9781405148825	1
/ebooks/ebooks2/pda/2011-12-01/1/10732.9780765614728	1
/ebooks/ebooks2/pda/2011-12-01/1/13557.9780470386354	1
/ebooks/ebooks2/pda/2011-12-01/1/12016.9780470282045	1
/ebooks/ebooks2/pda/2011-12-01/1/10693.9781593856243	2
/ebooks/ebooks2/pda/2011-12-01/1/12495.0071642935	1
/ebooks/ebooks2/pda/2011-12-01/1/14154.9780761942368	1
/ebooks/ebooks2/pda/2011-12-01/1/13268.9780691114873	1
/ebooks/ebooks2/pda/2011-12-01/1/13565.9780470026489	1
/ebooks/ebooks2/pda/2011-12-01/1/13571.9780470050095	1
/ebooks/ebooks2/pda/2011-12-01/1/12995.9780470118467	1
/ebooks/ebooks2/pda/2011-12-01/1/12475.9781606232101	1
/ebooks/ebooks2/pda/2011-12-01/1/13728.9783527627493	1
/ebooks/ebooks2/pda/2011-12-01/1/14615.9780262258920	2
/ebooks/ebooks2/pda/2011-12-01/1/9292.0471684872	1
/ebooks/ebooks2/pda/2011-12-01/1/13562.9781444305678	1
/ebooks/ebooks2/pda/2011-12-01/1/12445.9780761974765	1
/ebooks/ebooks2/pda/2011-12-01/1/11379.9780631228790	1
/ebooks/ebooks2/pda/2011-12-01/1/13562.9780787972660	1
/ebooks/ebooks2/pda/2011-12-01/1/13569.9780787979805	1
/ebooks/ebooks2/pda/2011-12-01/1/12977.9780470389485	1
/ebooks/ebooks2/pda/2011-12-01/1/11628.9781593858285	1
/ebooks/ebooks2/pda/2011-12-01/1/12147.9781606230473	1
/ebooks/ebooks2/pda/2011-12-01/1/6252.0071387730	1
/ebooks/ebooks2/pda/2011-12-01/1/12369.9781405178464	1
/ebooks/ebooks2/pda/2011-12-01/1/13559.9780470771037	1
/ebooks/ebooks2/pda/2011-12-01/1/10788.0071500634	1
/ebooks/ebooks2/pda/2011-12-01/1/10428.0750669551	1
/ebooks/ebooks2/pda/2011-12-01/1/11539.0071593233	1
/ebooks/ebooks2/pda/2011-12-01/1/13565.9780470033760	1
/ebooks/ebooks2/pda/2011-12-01/1/12752.9781606231586	1
/ebooks/ebooks2/pda/2011-12-01/1/13562.9780787973889	1
/ebooks/ebooks2/pda/2011-12-01/1/15261.9780761972877	1
/ebooks/ebooks2/pda/2011-12-01/1/10613.9780262693226	2
/ebooks/ebooks2/pda/2011-12-01/1/12003.0071592490	1
/ebooks/ebooks2/pda/2011-12-01/1/15197.9780470617533	1
/ebooks/ebooks2/pda/2011-12-01/1/7643.0520232585	1
/ebooks/ebooks2/pda/2011-12-01/1/13572.9780470473726	1
/ebooks/ebooks2/pda/2011-12-01/1/13572.9781444310993	1
/ebooks/ebooks2/pda/2011-12-01/1/13558.9780470512487	1
/ebooks/ebooks2/pda/2011-12-01/1/13569.9780787971267	1
/ebooks/ebooks2/pda/2011-12-01/1/11764.9781412900010	1
/ebooks/ebooks2/pda/2011-12-01/1/11764.9780803989054	1
/ebooks/ebooks2/pda/2011-12-01/1/10123.0631208658	1
/ebooks/ebooks2/pda/2011-12-01/1/12137.9780470987278	1
/ebooks/ebooks2/pda/2011-12-01/1/13572.9780470480472	1
/ebooks/ebooks2/pda/2011-12-01/1/13562.9783527605156	2
/ebooks/ebooks2/pda/2011-12-01/1/10533.0851993915	1
/ebooks/ebooks2/pda/2011-12-01/1/12140.0071641149	1
/ebooks/ebooks2/pda/2011-12-01/1/10549.159385532X	1
/ebooks/ebooks2/pda/2011-12-01/1/13559.9780470725467	1
/ebooks/ebooks2/pda/2011-12-01/1/11539.0071596143	1
/ebooks/ebooks2/pda/2011-12-01/1/8698.0761941096	1
/ebooks/ebooks2/pda/2011-12-01/1/12475.9781606231807	1
/ebooks/ebooks2/pda/2011-12-01/1/13559.9780470994528	1
/ebooks/ebooks2/pda/2011-12-01/1/13555.9780470086384	1
/ebooks/ebooks2/pda/2011-12-01/1/13861.9780470156643	1
/ebooks/ebooks2/pda/2011-12-01/1/10261.9781405135306	1
/ebooks/ebooks2/pda/2011-12-01/1/12431.9780754693567	1
/ebooks/ebooks2/pda/2011-12-01/1/12612.9781606231128	1
/ebooks/ebooks2/pda/2011-12-01/1/10613.9780262083577	1
/ebooks/ebooks2/pda/2011-12-01/1/7977.0851995926	1
/ebooks/ebooks2/pda/2011-12-01/1/14562.9781444313260	1
/ebooks/ebooks2/pda/2011-12-01/1/9429.1591407788	1
/ebooks/ebooks2/pda/2011-12-01/1/13561.9780471472001	1
/ebooks/ebooks2/pda/2011-12-01/1/12977.9780470423769	1
/ebooks/ebooks2/pda/2011-12-01/1/10950.9789812706249	1
/ebooks/ebooks2/pda/2011-12-01/1/10613.9780262140935	1
/ebooks/ebooks2/pda/2011-12-01/1/14410.9780470550175	1
/ebooks/ebooks2/pda/2011-12-01/1/10717.0071501258	1
/ebooks/ebooks2/pda/2011-12-01/1/11586.0071593519	1
/ebooks/ebooks2/pda/2011-12-01/1/9735.007148373X	1
/ebooks/ebooks2/pda/2011-12-01/1/10613.9780262083461	1
/ebooks/ebooks2/pda/2011-12-01/1/14214.9781444318357	1
/ebooks/ebooks2/pda/2011-12-01/1/10734.9781929629046	1
/ebooks/ebooks2/pda/2011-12-01/1/12016.9780470756737	1
/ebooks/ebooks2/pda/2011-12-01/1/10236.0123739985	1
/ebooks/ebooks2/pda/2011-12-01/1/13002.9781558607002	1
/ebooks/ebooks2/pda/2011-12-01/1/11936.9780262531993	1
/ebooks/ebooks2/pda/2011-12-01/1/12965.9781848133587	1
/ebooks/ebooks2/pda/2011-12-01/1/13557.9780470249093	1
/ebooks/ebooks2/pda/2011-12-01/1/11607.9780080430096	1
/ebooks/ebooks2/pda/2011-12-01/1/11628.9781593859183	1
/ebooks/ebooks2/pda/2011-12-01/1/13562.9780787986490	1
/ebooks/ebooks2/pda/2011-12-01/1/11834.0071643141	1
/ebooks/ebooks2/pda/2011-12-01/1/15041.9780470682869	1
/ebooks/ebooks2/pda/2011-12-01/1/14338.9780470438077	1
/ebooks/ebooks2/pda/2011-12-01/1/5864.0071383522	2
/ebooks/ebooks2/pda/2011-12-01/1/13562.9780787988210	1
/ebooks/ebooks2/pda/2011-12-01/1/9810.012088531X	1
/ebooks/ebooks2/pda/2011-12-01/1/10456.0120884003	1
/ebooks/ebooks2/pda/2011-12-01/1/12975.9780230582576	1
/ebooks/ebooks2/pda/2011-12-01/1/12921.9780471722038	1
/ebooks/ebooks2/pda/2011-12-01/1/11351.0071593624	1
/ebooks/ebooks2/pda/2011-12-01/1/13561.9780471754701	1
/ebooks/ebooks2/pda/2011-12-01/1/15197.9781444319897	1
/ebooks/ebooks2/pda/2011-12-01/1/11416.9780754682516	1
/ebooks/ebooks2/pda/2011-12-01/1/12094.0071621199	1
/ebooks/ebooks2/pda/2011-12-01/1/15282.9780226895277	1
/ebooks/ebooks2/pda/2011-12-01/1/11896.9780226484754	1
/ebooks/ebooks2/pda/2011-12-01/1/12983.9780226264189	1
/ebooks/ebooks2/pda/2011-12-01/1/7936.0520232364	1
/ebooks/ebooks2/pda/2011-12-01/1/13566.9780470869581	1
/ebooks/ebooks2/pda/2011-12-01/1/11980.9781848132603	1
/ebooks/ebooks2/pda/2011-12-01/1/10588.9780123497031	1
/ebooks/ebooks2/pda/2011-12-01/1/13556.9780470165188	1
/ebooks/ebooks2/pda/2011-12-01/1/7313.0071413294	1
/ebooks/ebooks2/pda/2011-12-01/1/12612.9781606230855	1
/ebooks/ebooks2/pda/2011-12-01/1/13567.9780471214397	1
/ebooks/ebooks2/pda/2011-12-01/1/10651.9780750657396	1
/ebooks/ebooks2/pda/2011-12-01/1/13830.0071608966	1
/ebooks/ebooks2/pda/2011-12-01/1/13268.9780691138725	1
/ebooks/ebooks2/pda/2011-12-01/1/13561.9780471478744	1
/ebooks/ebooks2/pda/2011-12-01/1/14119.0071624279	2
/ebooks/ebooks2/pda/2011-12-01/1/10456.0122386620	1
/ebooks/ebooks2/pda/2011-12-01/1/8747.0071454470	1
/ebooks/ebooks2/pda/2011-12-01/1/12921.9780471723714	1
/ebooks/ebooks2/pda/2011-12-01/1/14566.9780470371220	1
/ebooks/ebooks2/pda/2011-12-01/1/12957.9780485300697	1
/ebooks/ebooks2/pda/2011-12-01/1/13233.0071601155	1
/ebooks/ebooks2/pda/2011-12-01/1/11604.0071593969	1
/ebooks/ebooks2/pda/2011-12-01/1/14738.9780472023622	1
/ebooks/ebooks2/pda/2011-12-01/1/10613.9780262026055	1
/ebooks/ebooks2/pda/2011-12-01/1/11379.9781405121194	1
/ebooks/ebooks2/pda/2011-12-01/1/12495.0071598235	1
/ebooks/ebooks2/pda/2011-12-01/1/14564.9780470430170	1
/ebooks/ebooks2/pda/2011-12-01/1/12824.9780470773161	1
/ebooks/ebooks2/pda/2011-12-01/1/12896.9780471654025	1
/ebooks/ebooks2/pda/2011-12-01/1/14076.9780470527207	1
/ebooks/ebooks2/pda/2011-12-01/1/13634.9781444313093	1
/ebooks/ebooks2/pda/2011-12-01/1/13821.9780123746238	1
/ebooks/ebooks2/pda/2011-12-01/1/13561.9780471648284	1
/ebooks/ebooks2/pda/2011-12-01/1/14994.9781400830299	1
/ebooks/ebooks2/pda/2011-12-01/1/13713.0071633421	1
/ebooks/ebooks2/pda/2011-12-01/1/11379.0631219361	1
/ebooks/ebooks2/pda/2011-12-01/1/12288.0071643923	1
/ebooks/ebooks2/pda/2011-12-01/1/13618.9781848131903	1
/ebooks/ebooks2/pda/2011-12-01/1/7566.0071414223	2
/ebooks/ebooks2/pda/2011-12-01/1/13558.9780470518700	1
/ebooks/ebooks2/pda/2011-12-01/1/13034.9780816654918	1
/ebooks/ebooks2/pda/2011-12-01/1/14691.9780470565506	1
/ebooks/ebooks2/pda/2011-12-01/1/12688.9780226637853	1
/ebooks/ebooks2/pda/2011-12-01/1/12619.9780230511910	1
/ebooks/ebooks2/pda/2011-12-01/1/12619.9780230206182	1
/ebooks/ebooks2/pda/2011-12-01/1/11149.9780240809670	1
/ebooks/ebooks2/pda/2011-12-01/1/13558.9780470502181	1
/ebooks/ebooks2/pda/2011-12-01/1/15161.9781444317220	1
/ebooks/ebooks2/pda/2011-12-01/1/10873.9780123735805	1
/ebooks/ebooks2/pda/2011-12-01/1/9292.0471663077	1
/ebooks/ebooks2/pda/2011-12-01/1/9235.0750678488	1
/ebooks/ebooks2/pda/2011-12-01/1/11980.9781848131033	1
/ebooks/ebooks2/pda/2011-12-01/1/13562.9780787973438	1
/ebooks/ebooks2/pda/2011-12-01/1/7936.0520241541	1
/ebooks/ebooks2/pda/2011-12-01/1/13564.9781444309126	1
/ebooks/ebooks2/pda/2011-12-01/1/12995.9780470117392	1
/ebooks/ebooks2/pda/2011-12-01/1/10066.0750679824	1
/ebooks/ebooks2/pda/2011-12-01/1/13671.007162466X	1
/ebooks/ebooks2/pda/2011-12-01/1/13907.9780754694076	1
/ebooks/ebooks2/pda/2011-12-01/1/11539.0071596194	1
